<?xml version="1.0" encoding="UTF-8"?>
<testsuite xmlns:xsi="http://www.w3.org/2001/XMLSchema-instance" xsi:noNamespaceSchemaLocation="https://maven.apache.org/surefire/maven-surefire-plugin/xsd/surefire-test-report.xsd" name="tdd.registry.RegistryTest" time="0.222" tests="5" errors="0" skipped="0" failures="0">
  <properties>
    <property name="java.specification.version" value="21"/>
    <property name="sun.cpu.isalist" value="amd64"/>
    <property name="sun.jnu.encoding" value="Cp1252"/>
    <property name="java.class.path" value="C:\Users\caren\Downloads\clasesequivalencia\clasesequivalencia\target\test-classes;C:\Users\caren\Downloads\clasesequivalencia\clasesequivalencia\target\classes;C:\Users\caren\.m2\repository\junit\junit\4.13.2\junit-4.13.2.jar;C:\Users\caren\.m2\repository\org\hamcrest\hamcrest-core\1.3\hamcrest-core-1.3.jar;"/>
    <property name="java.vm.vendor" value="Oracle Corporation"/>
    <property name="sun.arch.data.model" value="64"/>
    <property name="user.variant" value=""/>
    <property name="java.vendor.url" value="https://java.oracle.com/"/>
    <property name="user.timezone" value="America/Bogota"/>
    <property name="os.name" value="Windows 11"/>
    <property name="java.vm.specification.version" value="21"/>
    <property name="user.country" value="ES"/>
    <property name="sun.java.launcher" value="SUN_STANDARD"/>
    <property name="sun.boot.library.path" value="C:\Users\caren\Downloads\OpenJDK-21\bin"/>
    <property name="sun.java.command" value="C:\Users\caren\AppData\Local\Temp\surefire3374422953315897509\surefirebooter16403025894394505862.jar C:\Users\caren\AppData\Local\Temp\surefire3374422953315897509 2024-09-12T19-27-25_682-jvmRun1 surefire15536562287903190902tmp surefire_016099967671234626302tmp"/>
    <property name="jdk.debug" value="release"/>
    <property name="test" value="tdd.registry.RegistryTest"/>
    <property name="surefire.test.class.path" value="C:\Users\caren\Downloads\clasesequivalencia\clasesequivalencia\target\test-classes;C:\Users\caren\Downloads\clasesequivalencia\clasesequivalencia\target\classes;C:\Users\caren\.m2\repository\junit\junit\4.13.2\junit-4.13.2.jar;C:\Users\caren\.m2\repository\org\hamcrest\hamcrest-core\1.3\hamcrest-core-1.3.jar;"/>
    <property name="sun.cpu.endian" value="little"/>
    <property name="user.home" value="C:\Users\caren"/>
    <property name="user.language" value="es"/>
    <property name="java.specification.vendor" value="Oracle Corporation"/>
    <property name="java.version.date" value="2024-01-16"/>
    <property name="java.home" value="C:\Users\caren\Downloads\OpenJDK-21"/>
    <property name="file.separator" value="\"/>
    <property name="basedir" value="C:\Users\caren\Downloads\clasesequivalencia\clasesequivalencia"/>
    <property name="java.vm.compressedOopsMode" value="32-bit"/>
    <property name="line.separator" value="&#10;"/>
    <property name="java.vm.specification.vendor" value="Oracle Corporation"/>
    <property name="java.specification.name" value="Java Platform API Specification"/>
    <property name="surefire.real.class.path" value="C:\Users\caren\AppData\Local\Temp\surefire3374422953315897509\surefirebooter16403025894394505862.jar"/>
    <property name="user.script" value=""/>
    <property name="sun.management.compiler" value="HotSpot 64-Bit Tiered Compilers"/>
    <property name="java.runtime.version" value="21.0.2+13-58"/>
    <property name="user.name" value="caren"/>
    <property name="stdout.encoding" value="Cp1252"/>
    <property name="path.separator" value=";"/>
    <property name="os.version" value="10.0"/>
    <property name="java.runtime.name" value="OpenJDK Runtime Environment"/>
    <property name="file.encoding" value="UTF-8"/>
    <property name="java.vm.name" value="OpenJDK 64-Bit Server VM"/>
    <property name="maven.ext.class.path" value="C:\Users\caren\.vscode\extensions\oracle.oracle-java-22.1.2\nbcode\java\maven-nblib\netbeans-eventspy.jar"/>
    <property name="localRepository" value="C:\Users\caren\.m2\repository"/>
    <property name="java.vendor.url.bug" value="https://bugreport.java.com/bugreport/"/>
    <property name="java.io.tmpdir" value="C:\Users\caren\AppData\Local\Temp\"/>
    <property name="java.version" value="21.0.2"/>
    <property name="user.dir" value="C:\Users\caren\Downloads\clasesequivalencia\clasesequivalencia"/>
    <property name="os.arch" value="amd64"/>
    <property name="java.vm.specification.name" value="Java Virtual Machine Specification"/>
    <property name="sun.os.patch.level" value=""/>
    <property name="native.encoding" value="Cp1252"/>
    <property name="java.library.path" value="C:\Users\caren\Downloads\OpenJDK-21\bin;C:\WINDOWS\Sun\Java\bin;C:\WINDOWS\system32;C:\WINDOWS;C:\Program Files\Common Files\Oracle\Java\javapath;C:\Program Files (x86)\Common Files\Oracle\Java\java8path;C:\Program Files (x86)\Common Files\Oracle\Java\javapath;C:\WINDOWS\system32;C:\WINDOWS;C:\WINDOWS\System32\Wbem;C:\WINDOWS\System32\WindowsPowerShell\v1.0\;C:\WINDOWS\System32\OpenSSH\;C:\Program Files (x86)\Microsoft SQL Server\160\DTS\Binn\;C:\Program Files (x86)\Microsoft SQL Server\160\Tools\Binn\;C:\Program Files\Microsoft SQL Server\160\Tools\Binn\;C:\Program Files\Microsoft SQL Server\Client SDK\ODBC\170\Tools\Binn\;C:\Program Files\Microsoft SQL Server\160\DTS\Binn\;C:\Program Files\Git\cmd;C:\Users\caren\Downloads\apache-maven-3.9.8-bin\apache-maven-3.9.8\bin;C:\Users\caren\AppData\Local\Microsoft\WindowsApps;C:\Users\caren\AppData\Local\Programs\Microsoft VS Code\bin;."/>
    <property name="java.vm.info" value="mixed mode, sharing"/>
    <property name="stderr.encoding" value="Cp1252"/>
    <property name="java.vendor" value="Oracle Corporation"/>
    <property name="java.vm.version" value="21.0.2+13-58"/>
    <property name="sun.io.unicode.encoding" value="UnicodeLittle"/>
    <property name="java.class.version" value="65.0"/>
  </properties>
  <testcase name="validateRegistryResultWithUnderage" classname="tdd.registry.RegistryTest" time="0.018"/>
  <testcase name="validateRegistryResultWithInvalidAge2" classname="tdd.registry.RegistryTest" time="0"/>
  <testcase name="AliveRegistryResult" classname="tdd.registry.RegistryTest" time="0"/>
  <testcase name="validateRegistryResultWithInvalidAge" classname="tdd.registry.RegistryTest" time="0"/>
  <testcase name="validateRegistryResult" classname="tdd.registry.RegistryTest" time="0.003"/>
</testsuite>